<?xml version="1.0" encoding="utf-8"?><testsuites><testsuite name="pytest" errors="22" failures="0" skipped="0" tests="22" time="2.302" timestamp="2025-11-21T14:10:32.813704" hostname="boolf"><testcase classname="testcase.Business interface.test_business_scenario.TestEBusinessScenario" name="test_business_scenario[case_info0]" time="0.141"><error message="failed on setup with &quot;SystemExit: None&quot;">@pytest.fixture(scope='session', autouse=True)
    @allure.story("登录")
    def system_login():
        try:
            api_info = get_testcase_yaml('./data/loginName.yaml')
&gt;           RequestBase().specification_yaml(api_info[0][0], api_info[0][1])

testcase\conftest.py:30: 
_ _ _ _ _ _ _ _ _ _ _ _ _ _ _ _ _ _ _ _ _ _ _ _ _ _ _ _ _ _ _ _ _ _ _ _ _ _ _ _ _ _ _ _ _ _ _ _ _ _ _ _ _ _ _ _ _ _ _ _ _ _ _ _ _ _ _ _ _ _ _ _ _ _ _ _ _ _ _ _ _ _ _ _ _ 
base\apiutil.py:119: in specification_yaml
    raise e
base\apiutil.py:116: in specification_yaml
    raise e
base\apiutil.py:110: in specification_yaml
    self.asserts.assert_result(validation, res_json, status_code)
common\assertions.py:195: in assert_result
    raise exceptions
common\assertions.py:176: in assert_result
    flag = self.contains_assert(value, response, status_code)
_ _ _ _ _ _ _ _ _ _ _ _ _ _ _ _ _ _ _ _ _ _ _ _ _ _ _ _ _ _ _ _ _ _ _ _ _ _ _ _ _ _ _ _ _ _ _ _ _ _ _ _ _ _ _ _ _ _ _ _ _ _ _ _ _ _ _ _ _ _ _ _ _ _ _ _ _ _ _ _ _ _ _ _ _ 

self = &lt;common.assertions.Assertions object at 0x00000200B3499AC0&gt;, value = {'error_code': 'none'}
response = {'error': 'Not Found', 'path': '/dar/user/login', 'status': 404, 'timestamp': '2025-11-21T06:10:32.384+00:00'}, status_code = 404

    def contains_assert(self, value, response, status_code):
        """
        字符串包含断言模式，断言预期结果的字符串是否包含在接口的响应信息中
        :param value: 预期结果，yaml文件的预期结果值
        :param response: 接口实际响应结果
        :param status_code: 响应状态码
        :return: 返回结果的状态标识
        """
        # 断言状态标识，0成功，其他失败
        flag = 0
        for assert_key, assert_value in value.items():
            if assert_key == "status_code":
                if assert_value != status_code:
                    flag += 1
                    allure.attach(f"预期结果：{assert_value}\n实际结果：{status_code}", '响应代码断言结果:失败',
                                  attachment_type=allure.attachment_type.TEXT)
                    logs.error("contains断言失败：接口返回码【%s】不等于【%s】" % (status_code, assert_value))
            else:
                resp_list = jsonpath.jsonpath(response, "$..%s" % assert_key)
&gt;               if isinstance(resp_list[0], str):
E               TypeError: 'bool' object is not subscriptable

common\assertions.py:40: TypeError

During handling of the above exception, another exception occurred:

    @pytest.fixture(scope='session', autouse=True)
    @allure.story("登录")
    def system_login():
        try:
            api_info = get_testcase_yaml('./data/loginName.yaml')
            RequestBase().specification_yaml(api_info[0][0], api_info[0][1])
        except Exception as e:
            logs.error(f'登录接口出现异常，导致后续接口无法继续运行，请检查程序！，{e}')
&gt;           exit()
E           SystemExit: None

testcase\conftest.py:33: SystemExit</error></testcase><testcase classname="testcase.Business interface.test_business_scenario.TestEBusinessScenario" name="test_business_scenario[case_info1]" time="0.045"><error message="failed on setup with &quot;SystemExit: None&quot;">@pytest.fixture(scope='session', autouse=True)
    @allure.story("登录")
    def system_login():
        try:
            api_info = get_testcase_yaml('./data/loginName.yaml')
&gt;           RequestBase().specification_yaml(api_info[0][0], api_info[0][1])

testcase\conftest.py:30: 
_ _ _ _ _ _ _ _ _ _ _ _ _ _ _ _ _ _ _ _ _ _ _ _ _ _ _ _ _ _ _ _ _ _ _ _ _ _ _ _ _ _ _ _ _ _ _ _ _ _ _ _ _ _ _ _ _ _ _ _ _ _ _ _ _ _ _ _ _ _ _ _ _ _ _ _ _ _ _ _ _ _ _ _ _ 
base\apiutil.py:119: in specification_yaml
    raise e
base\apiutil.py:116: in specification_yaml
    raise e
base\apiutil.py:110: in specification_yaml
    self.asserts.assert_result(validation, res_json, status_code)
common\assertions.py:195: in assert_result
    raise exceptions
common\assertions.py:176: in assert_result
    flag = self.contains_assert(value, response, status_code)
_ _ _ _ _ _ _ _ _ _ _ _ _ _ _ _ _ _ _ _ _ _ _ _ _ _ _ _ _ _ _ _ _ _ _ _ _ _ _ _ _ _ _ _ _ _ _ _ _ _ _ _ _ _ _ _ _ _ _ _ _ _ _ _ _ _ _ _ _ _ _ _ _ _ _ _ _ _ _ _ _ _ _ _ _ 

self = &lt;common.assertions.Assertions object at 0x00000200B34EB860&gt;, value = {'error_code': 'none'}
response = {'error': 'Not Found', 'path': '/dar/user/login', 'status': 404, 'timestamp': '2025-11-21T06:10:32.872+00:00'}, status_code = 404

    def contains_assert(self, value, response, status_code):
        """
        字符串包含断言模式，断言预期结果的字符串是否包含在接口的响应信息中
        :param value: 预期结果，yaml文件的预期结果值
        :param response: 接口实际响应结果
        :param status_code: 响应状态码
        :return: 返回结果的状态标识
        """
        # 断言状态标识，0成功，其他失败
        flag = 0
        for assert_key, assert_value in value.items():
            if assert_key == "status_code":
                if assert_value != status_code:
                    flag += 1
                    allure.attach(f"预期结果：{assert_value}\n实际结果：{status_code}", '响应代码断言结果:失败',
                                  attachment_type=allure.attachment_type.TEXT)
                    logs.error("contains断言失败：接口返回码【%s】不等于【%s】" % (status_code, assert_value))
            else:
                resp_list = jsonpath.jsonpath(response, "$..%s" % assert_key)
&gt;               if isinstance(resp_list[0], str):
E               TypeError: 'bool' object is not subscriptable

common\assertions.py:40: TypeError

During handling of the above exception, another exception occurred:

    @pytest.fixture(scope='session', autouse=True)
    @allure.story("登录")
    def system_login():
        try:
            api_info = get_testcase_yaml('./data/loginName.yaml')
            RequestBase().specification_yaml(api_info[0][0], api_info[0][1])
        except Exception as e:
            logs.error(f'登录接口出现异常，导致后续接口无法继续运行，请检查程序！，{e}')
&gt;           exit()
E           SystemExit: None

testcase\conftest.py:33: SystemExit</error></testcase><testcase classname="testcase.Business interface.test_business_scenario.TestEBusinessScenario" name="test_business_scenario[case_info2]" time="0.071"><error message="failed on setup with &quot;SystemExit: None&quot;">@pytest.fixture(scope='session', autouse=True)
    @allure.story("登录")
    def system_login():
        try:
            api_info = get_testcase_yaml('./data/loginName.yaml')
&gt;           RequestBase().specification_yaml(api_info[0][0], api_info[0][1])

testcase\conftest.py:30: 
_ _ _ _ _ _ _ _ _ _ _ _ _ _ _ _ _ _ _ _ _ _ _ _ _ _ _ _ _ _ _ _ _ _ _ _ _ _ _ _ _ _ _ _ _ _ _ _ _ _ _ _ _ _ _ _ _ _ _ _ _ _ _ _ _ _ _ _ _ _ _ _ _ _ _ _ _ _ _ _ _ _ _ _ _ 
base\apiutil.py:119: in specification_yaml
    raise e
base\apiutil.py:116: in specification_yaml
    raise e
base\apiutil.py:110: in specification_yaml
    self.asserts.assert_result(validation, res_json, status_code)
common\assertions.py:195: in assert_result
    raise exceptions
common\assertions.py:176: in assert_result
    flag = self.contains_assert(value, response, status_code)
_ _ _ _ _ _ _ _ _ _ _ _ _ _ _ _ _ _ _ _ _ _ _ _ _ _ _ _ _ _ _ _ _ _ _ _ _ _ _ _ _ _ _ _ _ _ _ _ _ _ _ _ _ _ _ _ _ _ _ _ _ _ _ _ _ _ _ _ _ _ _ _ _ _ _ _ _ _ _ _ _ _ _ _ _ 

self = &lt;common.assertions.Assertions object at 0x00000200B35E7AD0&gt;, value = {'error_code': 'none'}
response = {'error': 'Not Found', 'path': '/dar/user/login', 'status': 404, 'timestamp': '2025-11-21T06:10:32.967+00:00'}, status_code = 404

    def contains_assert(self, value, response, status_code):
        """
        字符串包含断言模式，断言预期结果的字符串是否包含在接口的响应信息中
        :param value: 预期结果，yaml文件的预期结果值
        :param response: 接口实际响应结果
        :param status_code: 响应状态码
        :return: 返回结果的状态标识
        """
        # 断言状态标识，0成功，其他失败
        flag = 0
        for assert_key, assert_value in value.items():
            if assert_key == "status_code":
                if assert_value != status_code:
                    flag += 1
                    allure.attach(f"预期结果：{assert_value}\n实际结果：{status_code}", '响应代码断言结果:失败',
                                  attachment_type=allure.attachment_type.TEXT)
                    logs.error("contains断言失败：接口返回码【%s】不等于【%s】" % (status_code, assert_value))
            else:
                resp_list = jsonpath.jsonpath(response, "$..%s" % assert_key)
&gt;               if isinstance(resp_list[0], str):
E               TypeError: 'bool' object is not subscriptable

common\assertions.py:40: TypeError

During handling of the above exception, another exception occurred:

    @pytest.fixture(scope='session', autouse=True)
    @allure.story("登录")
    def system_login():
        try:
            api_info = get_testcase_yaml('./data/loginName.yaml')
            RequestBase().specification_yaml(api_info[0][0], api_info[0][1])
        except Exception as e:
            logs.error(f'登录接口出现异常，导致后续接口无法继续运行，请检查程序！，{e}')
&gt;           exit()
E           SystemExit: None

testcase\conftest.py:33: SystemExit</error></testcase><testcase classname="testcase.Business interface.test_business_scenario.TestEBusinessScenario" name="test_business_scenario[case_info3]" time="0.047"><error message="failed on setup with &quot;SystemExit: None&quot;">@pytest.fixture(scope='session', autouse=True)
    @allure.story("登录")
    def system_login():
        try:
            api_info = get_testcase_yaml('./data/loginName.yaml')
&gt;           RequestBase().specification_yaml(api_info[0][0], api_info[0][1])

testcase\conftest.py:30: 
_ _ _ _ _ _ _ _ _ _ _ _ _ _ _ _ _ _ _ _ _ _ _ _ _ _ _ _ _ _ _ _ _ _ _ _ _ _ _ _ _ _ _ _ _ _ _ _ _ _ _ _ _ _ _ _ _ _ _ _ _ _ _ _ _ _ _ _ _ _ _ _ _ _ _ _ _ _ _ _ _ _ _ _ _ 
base\apiutil.py:119: in specification_yaml
    raise e
base\apiutil.py:116: in specification_yaml
    raise e
base\apiutil.py:110: in specification_yaml
    self.asserts.assert_result(validation, res_json, status_code)
common\assertions.py:195: in assert_result
    raise exceptions
common\assertions.py:176: in assert_result
    flag = self.contains_assert(value, response, status_code)
_ _ _ _ _ _ _ _ _ _ _ _ _ _ _ _ _ _ _ _ _ _ _ _ _ _ _ _ _ _ _ _ _ _ _ _ _ _ _ _ _ _ _ _ _ _ _ _ _ _ _ _ _ _ _ _ _ _ _ _ _ _ _ _ _ _ _ _ _ _ _ _ _ _ _ _ _ _ _ _ _ _ _ _ _ 

self = &lt;common.assertions.Assertions object at 0x00000200B361C230&gt;, value = {'error_code': 'none'}
response = {'error': 'Not Found', 'path': '/dar/user/login', 'status': 404, 'timestamp': '2025-11-21T06:10:33.037+00:00'}, status_code = 404

    def contains_assert(self, value, response, status_code):
        """
        字符串包含断言模式，断言预期结果的字符串是否包含在接口的响应信息中
        :param value: 预期结果，yaml文件的预期结果值
        :param response: 接口实际响应结果
        :param status_code: 响应状态码
        :return: 返回结果的状态标识
        """
        # 断言状态标识，0成功，其他失败
        flag = 0
        for assert_key, assert_value in value.items():
            if assert_key == "status_code":
                if assert_value != status_code:
                    flag += 1
                    allure.attach(f"预期结果：{assert_value}\n实际结果：{status_code}", '响应代码断言结果:失败',
                                  attachment_type=allure.attachment_type.TEXT)
                    logs.error("contains断言失败：接口返回码【%s】不等于【%s】" % (status_code, assert_value))
            else:
                resp_list = jsonpath.jsonpath(response, "$..%s" % assert_key)
&gt;               if isinstance(resp_list[0], str):
E               TypeError: 'bool' object is not subscriptable

common\assertions.py:40: TypeError

During handling of the above exception, another exception occurred:

    @pytest.fixture(scope='session', autouse=True)
    @allure.story("登录")
    def system_login():
        try:
            api_info = get_testcase_yaml('./data/loginName.yaml')
            RequestBase().specification_yaml(api_info[0][0], api_info[0][1])
        except Exception as e:
            logs.error(f'登录接口出现异常，导致后续接口无法继续运行，请检查程序！，{e}')
&gt;           exit()
E           SystemExit: None

testcase\conftest.py:33: SystemExit</error></testcase><testcase classname="testcase.Business interface.test_business_scenario.TestEBusinessScenario" name="test_business_scenario[case_info4]" time="0.044"><error message="failed on setup with &quot;SystemExit: None&quot;">@pytest.fixture(scope='session', autouse=True)
    @allure.story("登录")
    def system_login():
        try:
            api_info = get_testcase_yaml('./data/loginName.yaml')
&gt;           RequestBase().specification_yaml(api_info[0][0], api_info[0][1])

testcase\conftest.py:30: 
_ _ _ _ _ _ _ _ _ _ _ _ _ _ _ _ _ _ _ _ _ _ _ _ _ _ _ _ _ _ _ _ _ _ _ _ _ _ _ _ _ _ _ _ _ _ _ _ _ _ _ _ _ _ _ _ _ _ _ _ _ _ _ _ _ _ _ _ _ _ _ _ _ _ _ _ _ _ _ _ _ _ _ _ _ 
base\apiutil.py:119: in specification_yaml
    raise e
base\apiutil.py:116: in specification_yaml
    raise e
base\apiutil.py:110: in specification_yaml
    self.asserts.assert_result(validation, res_json, status_code)
common\assertions.py:195: in assert_result
    raise exceptions
common\assertions.py:176: in assert_result
    flag = self.contains_assert(value, response, status_code)
_ _ _ _ _ _ _ _ _ _ _ _ _ _ _ _ _ _ _ _ _ _ _ _ _ _ _ _ _ _ _ _ _ _ _ _ _ _ _ _ _ _ _ _ _ _ _ _ _ _ _ _ _ _ _ _ _ _ _ _ _ _ _ _ _ _ _ _ _ _ _ _ _ _ _ _ _ _ _ _ _ _ _ _ _ 

self = &lt;common.assertions.Assertions object at 0x00000200B349BDA0&gt;, value = {'error_code': 'none'}
response = {'error': 'Not Found', 'path': '/dar/user/login', 'status': 404, 'timestamp': '2025-11-21T06:10:33.107+00:00'}, status_code = 404

    def contains_assert(self, value, response, status_code):
        """
        字符串包含断言模式，断言预期结果的字符串是否包含在接口的响应信息中
        :param value: 预期结果，yaml文件的预期结果值
        :param response: 接口实际响应结果
        :param status_code: 响应状态码
        :return: 返回结果的状态标识
        """
        # 断言状态标识，0成功，其他失败
        flag = 0
        for assert_key, assert_value in value.items():
            if assert_key == "status_code":
                if assert_value != status_code:
                    flag += 1
                    allure.attach(f"预期结果：{assert_value}\n实际结果：{status_code}", '响应代码断言结果:失败',
                                  attachment_type=allure.attachment_type.TEXT)
                    logs.error("contains断言失败：接口返回码【%s】不等于【%s】" % (status_code, assert_value))
            else:
                resp_list = jsonpath.jsonpath(response, "$..%s" % assert_key)
&gt;               if isinstance(resp_list[0], str):
E               TypeError: 'bool' object is not subscriptable

common\assertions.py:40: TypeError

During handling of the above exception, another exception occurred:

    @pytest.fixture(scope='session', autouse=True)
    @allure.story("登录")
    def system_login():
        try:
            api_info = get_testcase_yaml('./data/loginName.yaml')
            RequestBase().specification_yaml(api_info[0][0], api_info[0][1])
        except Exception as e:
            logs.error(f'登录接口出现异常，导致后续接口无法继续运行，请检查程序！，{e}')
&gt;           exit()
E           SystemExit: None

testcase\conftest.py:33: SystemExit</error></testcase><testcase classname="testcase.ProductManager.test_productList.TestLogin" name="test_get_product_list[base_info0-testcase0]" time="0.048"><error message="failed on setup with &quot;SystemExit: None&quot;">@pytest.fixture(scope='session', autouse=True)
    @allure.story("登录")
    def system_login():
        try:
            api_info = get_testcase_yaml('./data/loginName.yaml')
&gt;           RequestBase().specification_yaml(api_info[0][0], api_info[0][1])

testcase\conftest.py:30: 
_ _ _ _ _ _ _ _ _ _ _ _ _ _ _ _ _ _ _ _ _ _ _ _ _ _ _ _ _ _ _ _ _ _ _ _ _ _ _ _ _ _ _ _ _ _ _ _ _ _ _ _ _ _ _ _ _ _ _ _ _ _ _ _ _ _ _ _ _ _ _ _ _ _ _ _ _ _ _ _ _ _ _ _ _ 
base\apiutil.py:119: in specification_yaml
    raise e
base\apiutil.py:116: in specification_yaml
    raise e
base\apiutil.py:110: in specification_yaml
    self.asserts.assert_result(validation, res_json, status_code)
common\assertions.py:195: in assert_result
    raise exceptions
common\assertions.py:176: in assert_result
    flag = self.contains_assert(value, response, status_code)
_ _ _ _ _ _ _ _ _ _ _ _ _ _ _ _ _ _ _ _ _ _ _ _ _ _ _ _ _ _ _ _ _ _ _ _ _ _ _ _ _ _ _ _ _ _ _ _ _ _ _ _ _ _ _ _ _ _ _ _ _ _ _ _ _ _ _ _ _ _ _ _ _ _ _ _ _ _ _ _ _ _ _ _ _ 

self = &lt;common.assertions.Assertions object at 0x00000200B361D3D0&gt;, value = {'error_code': 'none'}
response = {'error': 'Not Found', 'path': '/dar/user/login', 'status': 404, 'timestamp': '2025-11-21T06:10:33.176+00:00'}, status_code = 404

    def contains_assert(self, value, response, status_code):
        """
        字符串包含断言模式，断言预期结果的字符串是否包含在接口的响应信息中
        :param value: 预期结果，yaml文件的预期结果值
        :param response: 接口实际响应结果
        :param status_code: 响应状态码
        :return: 返回结果的状态标识
        """
        # 断言状态标识，0成功，其他失败
        flag = 0
        for assert_key, assert_value in value.items():
            if assert_key == "status_code":
                if assert_value != status_code:
                    flag += 1
                    allure.attach(f"预期结果：{assert_value}\n实际结果：{status_code}", '响应代码断言结果:失败',
                                  attachment_type=allure.attachment_type.TEXT)
                    logs.error("contains断言失败：接口返回码【%s】不等于【%s】" % (status_code, assert_value))
            else:
                resp_list = jsonpath.jsonpath(response, "$..%s" % assert_key)
&gt;               if isinstance(resp_list[0], str):
E               TypeError: 'bool' object is not subscriptable

common\assertions.py:40: TypeError

During handling of the above exception, another exception occurred:

    @pytest.fixture(scope='session', autouse=True)
    @allure.story("登录")
    def system_login():
        try:
            api_info = get_testcase_yaml('./data/loginName.yaml')
            RequestBase().specification_yaml(api_info[0][0], api_info[0][1])
        except Exception as e:
            logs.error(f'登录接口出现异常，导致后续接口无法继续运行，请检查程序！，{e}')
&gt;           exit()
E           SystemExit: None

testcase\conftest.py:33: SystemExit</error></testcase><testcase classname="testcase.ProductManager.test_productList.TestLogin" name="test_get_product_detail[base_info0-testcase0]" time="0.045"><error message="failed on setup with &quot;SystemExit: None&quot;">@pytest.fixture(scope='session', autouse=True)
    @allure.story("登录")
    def system_login():
        try:
            api_info = get_testcase_yaml('./data/loginName.yaml')
&gt;           RequestBase().specification_yaml(api_info[0][0], api_info[0][1])

testcase\conftest.py:30: 
_ _ _ _ _ _ _ _ _ _ _ _ _ _ _ _ _ _ _ _ _ _ _ _ _ _ _ _ _ _ _ _ _ _ _ _ _ _ _ _ _ _ _ _ _ _ _ _ _ _ _ _ _ _ _ _ _ _ _ _ _ _ _ _ _ _ _ _ _ _ _ _ _ _ _ _ _ _ _ _ _ _ _ _ _ 
base\apiutil.py:119: in specification_yaml
    raise e
base\apiutil.py:116: in specification_yaml
    raise e
base\apiutil.py:110: in specification_yaml
    self.asserts.assert_result(validation, res_json, status_code)
common\assertions.py:195: in assert_result
    raise exceptions
common\assertions.py:176: in assert_result
    flag = self.contains_assert(value, response, status_code)
_ _ _ _ _ _ _ _ _ _ _ _ _ _ _ _ _ _ _ _ _ _ _ _ _ _ _ _ _ _ _ _ _ _ _ _ _ _ _ _ _ _ _ _ _ _ _ _ _ _ _ _ _ _ _ _ _ _ _ _ _ _ _ _ _ _ _ _ _ _ _ _ _ _ _ _ _ _ _ _ _ _ _ _ _ 

self = &lt;common.assertions.Assertions object at 0x00000200B3647140&gt;, value = {'error_code': 'none'}
response = {'error': 'Not Found', 'path': '/dar/user/login', 'status': 404, 'timestamp': '2025-11-21T06:10:33.252+00:00'}, status_code = 404

    def contains_assert(self, value, response, status_code):
        """
        字符串包含断言模式，断言预期结果的字符串是否包含在接口的响应信息中
        :param value: 预期结果，yaml文件的预期结果值
        :param response: 接口实际响应结果
        :param status_code: 响应状态码
        :return: 返回结果的状态标识
        """
        # 断言状态标识，0成功，其他失败
        flag = 0
        for assert_key, assert_value in value.items():
            if assert_key == "status_code":
                if assert_value != status_code:
                    flag += 1
                    allure.attach(f"预期结果：{assert_value}\n实际结果：{status_code}", '响应代码断言结果:失败',
                                  attachment_type=allure.attachment_type.TEXT)
                    logs.error("contains断言失败：接口返回码【%s】不等于【%s】" % (status_code, assert_value))
            else:
                resp_list = jsonpath.jsonpath(response, "$..%s" % assert_key)
&gt;               if isinstance(resp_list[0], str):
E               TypeError: 'bool' object is not subscriptable

common\assertions.py:40: TypeError

During handling of the above exception, another exception occurred:

    @pytest.fixture(scope='session', autouse=True)
    @allure.story("登录")
    def system_login():
        try:
            api_info = get_testcase_yaml('./data/loginName.yaml')
            RequestBase().specification_yaml(api_info[0][0], api_info[0][1])
        except Exception as e:
            logs.error(f'登录接口出现异常，导致后续接口无法继续运行，请检查程序！，{e}')
&gt;           exit()
E           SystemExit: None

testcase\conftest.py:33: SystemExit</error></testcase><testcase classname="testcase.ProductManager.test_productList.TestLogin" name="test_commit_order[base_info0-testcase0]" time="0.053"><error message="failed on setup with &quot;SystemExit: None&quot;">@pytest.fixture(scope='session', autouse=True)
    @allure.story("登录")
    def system_login():
        try:
            api_info = get_testcase_yaml('./data/loginName.yaml')
&gt;           RequestBase().specification_yaml(api_info[0][0], api_info[0][1])

testcase\conftest.py:30: 
_ _ _ _ _ _ _ _ _ _ _ _ _ _ _ _ _ _ _ _ _ _ _ _ _ _ _ _ _ _ _ _ _ _ _ _ _ _ _ _ _ _ _ _ _ _ _ _ _ _ _ _ _ _ _ _ _ _ _ _ _ _ _ _ _ _ _ _ _ _ _ _ _ _ _ _ _ _ _ _ _ _ _ _ _ 
base\apiutil.py:119: in specification_yaml
    raise e
base\apiutil.py:116: in specification_yaml
    raise e
base\apiutil.py:110: in specification_yaml
    self.asserts.assert_result(validation, res_json, status_code)
common\assertions.py:195: in assert_result
    raise exceptions
common\assertions.py:176: in assert_result
    flag = self.contains_assert(value, response, status_code)
_ _ _ _ _ _ _ _ _ _ _ _ _ _ _ _ _ _ _ _ _ _ _ _ _ _ _ _ _ _ _ _ _ _ _ _ _ _ _ _ _ _ _ _ _ _ _ _ _ _ _ _ _ _ _ _ _ _ _ _ _ _ _ _ _ _ _ _ _ _ _ _ _ _ _ _ _ _ _ _ _ _ _ _ _ 

self = &lt;common.assertions.Assertions object at 0x00000200B360FCE0&gt;, value = {'error_code': 'none'}
response = {'error': 'Not Found', 'path': '/dar/user/login', 'status': 404, 'timestamp': '2025-11-21T06:10:33.331+00:00'}, status_code = 404

    def contains_assert(self, value, response, status_code):
        """
        字符串包含断言模式，断言预期结果的字符串是否包含在接口的响应信息中
        :param value: 预期结果，yaml文件的预期结果值
        :param response: 接口实际响应结果
        :param status_code: 响应状态码
        :return: 返回结果的状态标识
        """
        # 断言状态标识，0成功，其他失败
        flag = 0
        for assert_key, assert_value in value.items():
            if assert_key == "status_code":
                if assert_value != status_code:
                    flag += 1
                    allure.attach(f"预期结果：{assert_value}\n实际结果：{status_code}", '响应代码断言结果:失败',
                                  attachment_type=allure.attachment_type.TEXT)
                    logs.error("contains断言失败：接口返回码【%s】不等于【%s】" % (status_code, assert_value))
            else:
                resp_list = jsonpath.jsonpath(response, "$..%s" % assert_key)
&gt;               if isinstance(resp_list[0], str):
E               TypeError: 'bool' object is not subscriptable

common\assertions.py:40: TypeError

During handling of the above exception, another exception occurred:

    @pytest.fixture(scope='session', autouse=True)
    @allure.story("登录")
    def system_login():
        try:
            api_info = get_testcase_yaml('./data/loginName.yaml')
            RequestBase().specification_yaml(api_info[0][0], api_info[0][1])
        except Exception as e:
            logs.error(f'登录接口出现异常，导致后续接口无法继续运行，请检查程序！，{e}')
&gt;           exit()
E           SystemExit: None

testcase\conftest.py:33: SystemExit</error></testcase><testcase classname="testcase.ProductManager.test_productList.TestLogin" name="test_order_pay[base_info0-testcase0]" time="0.055"><error message="failed on setup with &quot;SystemExit: None&quot;">@pytest.fixture(scope='session', autouse=True)
    @allure.story("登录")
    def system_login():
        try:
            api_info = get_testcase_yaml('./data/loginName.yaml')
&gt;           RequestBase().specification_yaml(api_info[0][0], api_info[0][1])

testcase\conftest.py:30: 
_ _ _ _ _ _ _ _ _ _ _ _ _ _ _ _ _ _ _ _ _ _ _ _ _ _ _ _ _ _ _ _ _ _ _ _ _ _ _ _ _ _ _ _ _ _ _ _ _ _ _ _ _ _ _ _ _ _ _ _ _ _ _ _ _ _ _ _ _ _ _ _ _ _ _ _ _ _ _ _ _ _ _ _ _ 
base\apiutil.py:119: in specification_yaml
    raise e
base\apiutil.py:116: in specification_yaml
    raise e
base\apiutil.py:110: in specification_yaml
    self.asserts.assert_result(validation, res_json, status_code)
common\assertions.py:195: in assert_result
    raise exceptions
common\assertions.py:176: in assert_result
    flag = self.contains_assert(value, response, status_code)
_ _ _ _ _ _ _ _ _ _ _ _ _ _ _ _ _ _ _ _ _ _ _ _ _ _ _ _ _ _ _ _ _ _ _ _ _ _ _ _ _ _ _ _ _ _ _ _ _ _ _ _ _ _ _ _ _ _ _ _ _ _ _ _ _ _ _ _ _ _ _ _ _ _ _ _ _ _ _ _ _ _ _ _ _ 

self = &lt;common.assertions.Assertions object at 0x00000200B348BBC0&gt;, value = {'error_code': 'none'}
response = {'error': 'Not Found', 'path': '/dar/user/login', 'status': 404, 'timestamp': '2025-11-21T06:10:33.402+00:00'}, status_code = 404

    def contains_assert(self, value, response, status_code):
        """
        字符串包含断言模式，断言预期结果的字符串是否包含在接口的响应信息中
        :param value: 预期结果，yaml文件的预期结果值
        :param response: 接口实际响应结果
        :param status_code: 响应状态码
        :return: 返回结果的状态标识
        """
        # 断言状态标识，0成功，其他失败
        flag = 0
        for assert_key, assert_value in value.items():
            if assert_key == "status_code":
                if assert_value != status_code:
                    flag += 1
                    allure.attach(f"预期结果：{assert_value}\n实际结果：{status_code}", '响应代码断言结果:失败',
                                  attachment_type=allure.attachment_type.TEXT)
                    logs.error("contains断言失败：接口返回码【%s】不等于【%s】" % (status_code, assert_value))
            else:
                resp_list = jsonpath.jsonpath(response, "$..%s" % assert_key)
&gt;               if isinstance(resp_list[0], str):
E               TypeError: 'bool' object is not subscriptable

common\assertions.py:40: TypeError

During handling of the above exception, another exception occurred:

    @pytest.fixture(scope='session', autouse=True)
    @allure.story("登录")
    def system_login():
        try:
            api_info = get_testcase_yaml('./data/loginName.yaml')
            RequestBase().specification_yaml(api_info[0][0], api_info[0][1])
        except Exception as e:
            logs.error(f'登录接口出现异常，导致后续接口无法继续运行，请检查程序！，{e}')
&gt;           exit()
E           SystemExit: None

testcase\conftest.py:33: SystemExit</error></testcase><testcase classname="testcase.Single interface.test_debug_api.TestUserManager" name="test_add_user[base_info0-testcase0]" time="0.048"><error message="failed on setup with &quot;SystemExit: None&quot;">@pytest.fixture(scope='session', autouse=True)
    @allure.story("登录")
    def system_login():
        try:
            api_info = get_testcase_yaml('./data/loginName.yaml')
&gt;           RequestBase().specification_yaml(api_info[0][0], api_info[0][1])

testcase\conftest.py:30: 
_ _ _ _ _ _ _ _ _ _ _ _ _ _ _ _ _ _ _ _ _ _ _ _ _ _ _ _ _ _ _ _ _ _ _ _ _ _ _ _ _ _ _ _ _ _ _ _ _ _ _ _ _ _ _ _ _ _ _ _ _ _ _ _ _ _ _ _ _ _ _ _ _ _ _ _ _ _ _ _ _ _ _ _ _ 
base\apiutil.py:119: in specification_yaml
    raise e
base\apiutil.py:116: in specification_yaml
    raise e
base\apiutil.py:110: in specification_yaml
    self.asserts.assert_result(validation, res_json, status_code)
common\assertions.py:195: in assert_result
    raise exceptions
common\assertions.py:176: in assert_result
    flag = self.contains_assert(value, response, status_code)
_ _ _ _ _ _ _ _ _ _ _ _ _ _ _ _ _ _ _ _ _ _ _ _ _ _ _ _ _ _ _ _ _ _ _ _ _ _ _ _ _ _ _ _ _ _ _ _ _ _ _ _ _ _ _ _ _ _ _ _ _ _ _ _ _ _ _ _ _ _ _ _ _ _ _ _ _ _ _ _ _ _ _ _ _ 

self = &lt;common.assertions.Assertions object at 0x00000200B2E5E030&gt;, value = {'error_code': 'none'}
response = {'error': 'Not Found', 'path': '/dar/user/login', 'status': 404, 'timestamp': '2025-11-21T06:10:33.489+00:00'}, status_code = 404

    def contains_assert(self, value, response, status_code):
        """
        字符串包含断言模式，断言预期结果的字符串是否包含在接口的响应信息中
        :param value: 预期结果，yaml文件的预期结果值
        :param response: 接口实际响应结果
        :param status_code: 响应状态码
        :return: 返回结果的状态标识
        """
        # 断言状态标识，0成功，其他失败
        flag = 0
        for assert_key, assert_value in value.items():
            if assert_key == "status_code":
                if assert_value != status_code:
                    flag += 1
                    allure.attach(f"预期结果：{assert_value}\n实际结果：{status_code}", '响应代码断言结果:失败',
                                  attachment_type=allure.attachment_type.TEXT)
                    logs.error("contains断言失败：接口返回码【%s】不等于【%s】" % (status_code, assert_value))
            else:
                resp_list = jsonpath.jsonpath(response, "$..%s" % assert_key)
&gt;               if isinstance(resp_list[0], str):
E               TypeError: 'bool' object is not subscriptable

common\assertions.py:40: TypeError

During handling of the above exception, another exception occurred:

    @pytest.fixture(scope='session', autouse=True)
    @allure.story("登录")
    def system_login():
        try:
            api_info = get_testcase_yaml('./data/loginName.yaml')
            RequestBase().specification_yaml(api_info[0][0], api_info[0][1])
        except Exception as e:
            logs.error(f'登录接口出现异常，导致后续接口无法继续运行，请检查程序！，{e}')
&gt;           exit()
E           SystemExit: None

testcase\conftest.py:33: SystemExit</error></testcase><testcase classname="testcase.Single interface.test_debug_api.TestUserManager" name="test_add_user[base_info1-testcase1]" time="0.049"><error message="failed on setup with &quot;SystemExit: None&quot;">@pytest.fixture(scope='session', autouse=True)
    @allure.story("登录")
    def system_login():
        try:
            api_info = get_testcase_yaml('./data/loginName.yaml')
&gt;           RequestBase().specification_yaml(api_info[0][0], api_info[0][1])

testcase\conftest.py:30: 
_ _ _ _ _ _ _ _ _ _ _ _ _ _ _ _ _ _ _ _ _ _ _ _ _ _ _ _ _ _ _ _ _ _ _ _ _ _ _ _ _ _ _ _ _ _ _ _ _ _ _ _ _ _ _ _ _ _ _ _ _ _ _ _ _ _ _ _ _ _ _ _ _ _ _ _ _ _ _ _ _ _ _ _ _ 
base\apiutil.py:119: in specification_yaml
    raise e
base\apiutil.py:116: in specification_yaml
    raise e
base\apiutil.py:110: in specification_yaml
    self.asserts.assert_result(validation, res_json, status_code)
common\assertions.py:195: in assert_result
    raise exceptions
common\assertions.py:176: in assert_result
    flag = self.contains_assert(value, response, status_code)
_ _ _ _ _ _ _ _ _ _ _ _ _ _ _ _ _ _ _ _ _ _ _ _ _ _ _ _ _ _ _ _ _ _ _ _ _ _ _ _ _ _ _ _ _ _ _ _ _ _ _ _ _ _ _ _ _ _ _ _ _ _ _ _ _ _ _ _ _ _ _ _ _ _ _ _ _ _ _ _ _ _ _ _ _ 

self = &lt;common.assertions.Assertions object at 0x00000200B362B020&gt;, value = {'error_code': 'none'}
response = {'error': 'Not Found', 'path': '/dar/user/login', 'status': 404, 'timestamp': '2025-11-21T06:10:33.563+00:00'}, status_code = 404

    def contains_assert(self, value, response, status_code):
        """
        字符串包含断言模式，断言预期结果的字符串是否包含在接口的响应信息中
        :param value: 预期结果，yaml文件的预期结果值
        :param response: 接口实际响应结果
        :param status_code: 响应状态码
        :return: 返回结果的状态标识
        """
        # 断言状态标识，0成功，其他失败
        flag = 0
        for assert_key, assert_value in value.items():
            if assert_key == "status_code":
                if assert_value != status_code:
                    flag += 1
                    allure.attach(f"预期结果：{assert_value}\n实际结果：{status_code}", '响应代码断言结果:失败',
                                  attachment_type=allure.attachment_type.TEXT)
                    logs.error("contains断言失败：接口返回码【%s】不等于【%s】" % (status_code, assert_value))
            else:
                resp_list = jsonpath.jsonpath(response, "$..%s" % assert_key)
&gt;               if isinstance(resp_list[0], str):
E               TypeError: 'bool' object is not subscriptable

common\assertions.py:40: TypeError

During handling of the above exception, another exception occurred:

    @pytest.fixture(scope='session', autouse=True)
    @allure.story("登录")
    def system_login():
        try:
            api_info = get_testcase_yaml('./data/loginName.yaml')
            RequestBase().specification_yaml(api_info[0][0], api_info[0][1])
        except Exception as e:
            logs.error(f'登录接口出现异常，导致后续接口无法继续运行，请检查程序！，{e}')
&gt;           exit()
E           SystemExit: None

testcase\conftest.py:33: SystemExit</error></testcase><testcase classname="testcase.Single interface.test_debug_api.TestUserManager" name="test_add_user[base_info2-testcase2]" time="0.055"><error message="failed on setup with &quot;SystemExit: None&quot;">@pytest.fixture(scope='session', autouse=True)
    @allure.story("登录")
    def system_login():
        try:
            api_info = get_testcase_yaml('./data/loginName.yaml')
&gt;           RequestBase().specification_yaml(api_info[0][0], api_info[0][1])

testcase\conftest.py:30: 
_ _ _ _ _ _ _ _ _ _ _ _ _ _ _ _ _ _ _ _ _ _ _ _ _ _ _ _ _ _ _ _ _ _ _ _ _ _ _ _ _ _ _ _ _ _ _ _ _ _ _ _ _ _ _ _ _ _ _ _ _ _ _ _ _ _ _ _ _ _ _ _ _ _ _ _ _ _ _ _ _ _ _ _ _ 
base\apiutil.py:119: in specification_yaml
    raise e
base\apiutil.py:116: in specification_yaml
    raise e
base\apiutil.py:110: in specification_yaml
    self.asserts.assert_result(validation, res_json, status_code)
common\assertions.py:195: in assert_result
    raise exceptions
common\assertions.py:176: in assert_result
    flag = self.contains_assert(value, response, status_code)
_ _ _ _ _ _ _ _ _ _ _ _ _ _ _ _ _ _ _ _ _ _ _ _ _ _ _ _ _ _ _ _ _ _ _ _ _ _ _ _ _ _ _ _ _ _ _ _ _ _ _ _ _ _ _ _ _ _ _ _ _ _ _ _ _ _ _ _ _ _ _ _ _ _ _ _ _ _ _ _ _ _ _ _ _ 

self = &lt;common.assertions.Assertions object at 0x00000200B34983E0&gt;, value = {'error_code': 'none'}
response = {'error': 'Not Found', 'path': '/dar/user/login', 'status': 404, 'timestamp': '2025-11-21T06:10:33.644+00:00'}, status_code = 404

    def contains_assert(self, value, response, status_code):
        """
        字符串包含断言模式，断言预期结果的字符串是否包含在接口的响应信息中
        :param value: 预期结果，yaml文件的预期结果值
        :param response: 接口实际响应结果
        :param status_code: 响应状态码
        :return: 返回结果的状态标识
        """
        # 断言状态标识，0成功，其他失败
        flag = 0
        for assert_key, assert_value in value.items():
            if assert_key == "status_code":
                if assert_value != status_code:
                    flag += 1
                    allure.attach(f"预期结果：{assert_value}\n实际结果：{status_code}", '响应代码断言结果:失败',
                                  attachment_type=allure.attachment_type.TEXT)
                    logs.error("contains断言失败：接口返回码【%s】不等于【%s】" % (status_code, assert_value))
            else:
                resp_list = jsonpath.jsonpath(response, "$..%s" % assert_key)
&gt;               if isinstance(resp_list[0], str):
E               TypeError: 'bool' object is not subscriptable

common\assertions.py:40: TypeError

During handling of the above exception, another exception occurred:

    @pytest.fixture(scope='session', autouse=True)
    @allure.story("登录")
    def system_login():
        try:
            api_info = get_testcase_yaml('./data/loginName.yaml')
            RequestBase().specification_yaml(api_info[0][0], api_info[0][1])
        except Exception as e:
            logs.error(f'登录接口出现异常，导致后续接口无法继续运行，请检查程序！，{e}')
&gt;           exit()
E           SystemExit: None

testcase\conftest.py:33: SystemExit</error></testcase><testcase classname="testcase.Single interface.test_debug_api.TestUserManager" name="test_add_user[base_info3-testcase3]" time="0.049"><error message="failed on setup with &quot;SystemExit: None&quot;">@pytest.fixture(scope='session', autouse=True)
    @allure.story("登录")
    def system_login():
        try:
            api_info = get_testcase_yaml('./data/loginName.yaml')
&gt;           RequestBase().specification_yaml(api_info[0][0], api_info[0][1])

testcase\conftest.py:30: 
_ _ _ _ _ _ _ _ _ _ _ _ _ _ _ _ _ _ _ _ _ _ _ _ _ _ _ _ _ _ _ _ _ _ _ _ _ _ _ _ _ _ _ _ _ _ _ _ _ _ _ _ _ _ _ _ _ _ _ _ _ _ _ _ _ _ _ _ _ _ _ _ _ _ _ _ _ _ _ _ _ _ _ _ _ 
base\apiutil.py:119: in specification_yaml
    raise e
base\apiutil.py:116: in specification_yaml
    raise e
base\apiutil.py:110: in specification_yaml
    self.asserts.assert_result(validation, res_json, status_code)
common\assertions.py:195: in assert_result
    raise exceptions
common\assertions.py:176: in assert_result
    flag = self.contains_assert(value, response, status_code)
_ _ _ _ _ _ _ _ _ _ _ _ _ _ _ _ _ _ _ _ _ _ _ _ _ _ _ _ _ _ _ _ _ _ _ _ _ _ _ _ _ _ _ _ _ _ _ _ _ _ _ _ _ _ _ _ _ _ _ _ _ _ _ _ _ _ _ _ _ _ _ _ _ _ _ _ _ _ _ _ _ _ _ _ _ 

self = &lt;common.assertions.Assertions object at 0x00000200B35E7650&gt;, value = {'error_code': 'none'}
response = {'error': 'Not Found', 'path': '/dar/user/login', 'status': 404, 'timestamp': '2025-11-21T06:10:33.775+00:00'}, status_code = 404

    def contains_assert(self, value, response, status_code):
        """
        字符串包含断言模式，断言预期结果的字符串是否包含在接口的响应信息中
        :param value: 预期结果，yaml文件的预期结果值
        :param response: 接口实际响应结果
        :param status_code: 响应状态码
        :return: 返回结果的状态标识
        """
        # 断言状态标识，0成功，其他失败
        flag = 0
        for assert_key, assert_value in value.items():
            if assert_key == "status_code":
                if assert_value != status_code:
                    flag += 1
                    allure.attach(f"预期结果：{assert_value}\n实际结果：{status_code}", '响应代码断言结果:失败',
                                  attachment_type=allure.attachment_type.TEXT)
                    logs.error("contains断言失败：接口返回码【%s】不等于【%s】" % (status_code, assert_value))
            else:
                resp_list = jsonpath.jsonpath(response, "$..%s" % assert_key)
&gt;               if isinstance(resp_list[0], str):
E               TypeError: 'bool' object is not subscriptable

common\assertions.py:40: TypeError

During handling of the above exception, another exception occurred:

    @pytest.fixture(scope='session', autouse=True)
    @allure.story("登录")
    def system_login():
        try:
            api_info = get_testcase_yaml('./data/loginName.yaml')
            RequestBase().specification_yaml(api_info[0][0], api_info[0][1])
        except Exception as e:
            logs.error(f'登录接口出现异常，导致后续接口无法继续运行，请检查程序！，{e}')
&gt;           exit()
E           SystemExit: None

testcase\conftest.py:33: SystemExit</error></testcase><testcase classname="testcase.Single interface.test_debug_api.TestUserManager" name="test_update_user[base_info0-testcase0]" time="0.059"><error message="failed on setup with &quot;SystemExit: None&quot;">@pytest.fixture(scope='session', autouse=True)
    @allure.story("登录")
    def system_login():
        try:
            api_info = get_testcase_yaml('./data/loginName.yaml')
&gt;           RequestBase().specification_yaml(api_info[0][0], api_info[0][1])

testcase\conftest.py:30: 
_ _ _ _ _ _ _ _ _ _ _ _ _ _ _ _ _ _ _ _ _ _ _ _ _ _ _ _ _ _ _ _ _ _ _ _ _ _ _ _ _ _ _ _ _ _ _ _ _ _ _ _ _ _ _ _ _ _ _ _ _ _ _ _ _ _ _ _ _ _ _ _ _ _ _ _ _ _ _ _ _ _ _ _ _ 
base\apiutil.py:119: in specification_yaml
    raise e
base\apiutil.py:116: in specification_yaml
    raise e
base\apiutil.py:110: in specification_yaml
    self.asserts.assert_result(validation, res_json, status_code)
common\assertions.py:195: in assert_result
    raise exceptions
common\assertions.py:176: in assert_result
    flag = self.contains_assert(value, response, status_code)
_ _ _ _ _ _ _ _ _ _ _ _ _ _ _ _ _ _ _ _ _ _ _ _ _ _ _ _ _ _ _ _ _ _ _ _ _ _ _ _ _ _ _ _ _ _ _ _ _ _ _ _ _ _ _ _ _ _ _ _ _ _ _ _ _ _ _ _ _ _ _ _ _ _ _ _ _ _ _ _ _ _ _ _ _ 

self = &lt;common.assertions.Assertions object at 0x00000200B360CEF0&gt;, value = {'error_code': 'none'}
response = {'error': 'Not Found', 'path': '/dar/user/login', 'status': 404, 'timestamp': '2025-11-21T06:10:33.863+00:00'}, status_code = 404

    def contains_assert(self, value, response, status_code):
        """
        字符串包含断言模式，断言预期结果的字符串是否包含在接口的响应信息中
        :param value: 预期结果，yaml文件的预期结果值
        :param response: 接口实际响应结果
        :param status_code: 响应状态码
        :return: 返回结果的状态标识
        """
        # 断言状态标识，0成功，其他失败
        flag = 0
        for assert_key, assert_value in value.items():
            if assert_key == "status_code":
                if assert_value != status_code:
                    flag += 1
                    allure.attach(f"预期结果：{assert_value}\n实际结果：{status_code}", '响应代码断言结果:失败',
                                  attachment_type=allure.attachment_type.TEXT)
                    logs.error("contains断言失败：接口返回码【%s】不等于【%s】" % (status_code, assert_value))
            else:
                resp_list = jsonpath.jsonpath(response, "$..%s" % assert_key)
&gt;               if isinstance(resp_list[0], str):
E               TypeError: 'bool' object is not subscriptable

common\assertions.py:40: TypeError

During handling of the above exception, another exception occurred:

    @pytest.fixture(scope='session', autouse=True)
    @allure.story("登录")
    def system_login():
        try:
            api_info = get_testcase_yaml('./data/loginName.yaml')
            RequestBase().specification_yaml(api_info[0][0], api_info[0][1])
        except Exception as e:
            logs.error(f'登录接口出现异常，导致后续接口无法继续运行，请检查程序！，{e}')
&gt;           exit()
E           SystemExit: None

testcase\conftest.py:33: SystemExit</error></testcase><testcase classname="testcase.Single interface.test_debug_api.TestUserManager" name="test_delete_user[base_info0-testcase0]" time="0.051"><error message="failed on setup with &quot;SystemExit: None&quot;">@pytest.fixture(scope='session', autouse=True)
    @allure.story("登录")
    def system_login():
        try:
            api_info = get_testcase_yaml('./data/loginName.yaml')
&gt;           RequestBase().specification_yaml(api_info[0][0], api_info[0][1])

testcase\conftest.py:30: 
_ _ _ _ _ _ _ _ _ _ _ _ _ _ _ _ _ _ _ _ _ _ _ _ _ _ _ _ _ _ _ _ _ _ _ _ _ _ _ _ _ _ _ _ _ _ _ _ _ _ _ _ _ _ _ _ _ _ _ _ _ _ _ _ _ _ _ _ _ _ _ _ _ _ _ _ _ _ _ _ _ _ _ _ _ 
base\apiutil.py:119: in specification_yaml
    raise e
base\apiutil.py:116: in specification_yaml
    raise e
base\apiutil.py:110: in specification_yaml
    self.asserts.assert_result(validation, res_json, status_code)
common\assertions.py:195: in assert_result
    raise exceptions
common\assertions.py:176: in assert_result
    flag = self.contains_assert(value, response, status_code)
_ _ _ _ _ _ _ _ _ _ _ _ _ _ _ _ _ _ _ _ _ _ _ _ _ _ _ _ _ _ _ _ _ _ _ _ _ _ _ _ _ _ _ _ _ _ _ _ _ _ _ _ _ _ _ _ _ _ _ _ _ _ _ _ _ _ _ _ _ _ _ _ _ _ _ _ _ _ _ _ _ _ _ _ _ 

self = &lt;common.assertions.Assertions object at 0x00000200B360C500&gt;, value = {'error_code': 'none'}
response = {'error': 'Not Found', 'path': '/dar/user/login', 'status': 404, 'timestamp': '2025-11-21T06:10:33.942+00:00'}, status_code = 404

    def contains_assert(self, value, response, status_code):
        """
        字符串包含断言模式，断言预期结果的字符串是否包含在接口的响应信息中
        :param value: 预期结果，yaml文件的预期结果值
        :param response: 接口实际响应结果
        :param status_code: 响应状态码
        :return: 返回结果的状态标识
        """
        # 断言状态标识，0成功，其他失败
        flag = 0
        for assert_key, assert_value in value.items():
            if assert_key == "status_code":
                if assert_value != status_code:
                    flag += 1
                    allure.attach(f"预期结果：{assert_value}\n实际结果：{status_code}", '响应代码断言结果:失败',
                                  attachment_type=allure.attachment_type.TEXT)
                    logs.error("contains断言失败：接口返回码【%s】不等于【%s】" % (status_code, assert_value))
            else:
                resp_list = jsonpath.jsonpath(response, "$..%s" % assert_key)
&gt;               if isinstance(resp_list[0], str):
E               TypeError: 'bool' object is not subscriptable

common\assertions.py:40: TypeError

During handling of the above exception, another exception occurred:

    @pytest.fixture(scope='session', autouse=True)
    @allure.story("登录")
    def system_login():
        try:
            api_info = get_testcase_yaml('./data/loginName.yaml')
            RequestBase().specification_yaml(api_info[0][0], api_info[0][1])
        except Exception as e:
            logs.error(f'登录接口出现异常，导致后续接口无法继续运行，请检查程序！，{e}')
&gt;           exit()
E           SystemExit: None

testcase\conftest.py:33: SystemExit</error></testcase><testcase classname="testcase.Single interface.test_debug_api.TestUserManager" name="test_delete_user[base_info1-testcase1]" time="0.047"><error message="failed on setup with &quot;SystemExit: None&quot;">@pytest.fixture(scope='session', autouse=True)
    @allure.story("登录")
    def system_login():
        try:
            api_info = get_testcase_yaml('./data/loginName.yaml')
&gt;           RequestBase().specification_yaml(api_info[0][0], api_info[0][1])

testcase\conftest.py:30: 
_ _ _ _ _ _ _ _ _ _ _ _ _ _ _ _ _ _ _ _ _ _ _ _ _ _ _ _ _ _ _ _ _ _ _ _ _ _ _ _ _ _ _ _ _ _ _ _ _ _ _ _ _ _ _ _ _ _ _ _ _ _ _ _ _ _ _ _ _ _ _ _ _ _ _ _ _ _ _ _ _ _ _ _ _ 
base\apiutil.py:119: in specification_yaml
    raise e
base\apiutil.py:116: in specification_yaml
    raise e
base\apiutil.py:110: in specification_yaml
    self.asserts.assert_result(validation, res_json, status_code)
common\assertions.py:195: in assert_result
    raise exceptions
common\assertions.py:176: in assert_result
    flag = self.contains_assert(value, response, status_code)
_ _ _ _ _ _ _ _ _ _ _ _ _ _ _ _ _ _ _ _ _ _ _ _ _ _ _ _ _ _ _ _ _ _ _ _ _ _ _ _ _ _ _ _ _ _ _ _ _ _ _ _ _ _ _ _ _ _ _ _ _ _ _ _ _ _ _ _ _ _ _ _ _ _ _ _ _ _ _ _ _ _ _ _ _ 

self = &lt;common.assertions.Assertions object at 0x00000200B3499160&gt;, value = {'error_code': 'none'}
response = {'error': 'Not Found', 'path': '/dar/user/login', 'status': 404, 'timestamp': '2025-11-21T06:10:34.017+00:00'}, status_code = 404

    def contains_assert(self, value, response, status_code):
        """
        字符串包含断言模式，断言预期结果的字符串是否包含在接口的响应信息中
        :param value: 预期结果，yaml文件的预期结果值
        :param response: 接口实际响应结果
        :param status_code: 响应状态码
        :return: 返回结果的状态标识
        """
        # 断言状态标识，0成功，其他失败
        flag = 0
        for assert_key, assert_value in value.items():
            if assert_key == "status_code":
                if assert_value != status_code:
                    flag += 1
                    allure.attach(f"预期结果：{assert_value}\n实际结果：{status_code}", '响应代码断言结果:失败',
                                  attachment_type=allure.attachment_type.TEXT)
                    logs.error("contains断言失败：接口返回码【%s】不等于【%s】" % (status_code, assert_value))
            else:
                resp_list = jsonpath.jsonpath(response, "$..%s" % assert_key)
&gt;               if isinstance(resp_list[0], str):
E               TypeError: 'bool' object is not subscriptable

common\assertions.py:40: TypeError

During handling of the above exception, another exception occurred:

    @pytest.fixture(scope='session', autouse=True)
    @allure.story("登录")
    def system_login():
        try:
            api_info = get_testcase_yaml('./data/loginName.yaml')
            RequestBase().specification_yaml(api_info[0][0], api_info[0][1])
        except Exception as e:
            logs.error(f'登录接口出现异常，导致后续接口无法继续运行，请检查程序！，{e}')
&gt;           exit()
E           SystemExit: None

testcase\conftest.py:33: SystemExit</error></testcase><testcase classname="testcase.Single interface.test_debug_api.TestUserManager" name="test_delete_user[base_info2-testcase2]" time="0.050"><error message="failed on setup with &quot;SystemExit: None&quot;">@pytest.fixture(scope='session', autouse=True)
    @allure.story("登录")
    def system_login():
        try:
            api_info = get_testcase_yaml('./data/loginName.yaml')
&gt;           RequestBase().specification_yaml(api_info[0][0], api_info[0][1])

testcase\conftest.py:30: 
_ _ _ _ _ _ _ _ _ _ _ _ _ _ _ _ _ _ _ _ _ _ _ _ _ _ _ _ _ _ _ _ _ _ _ _ _ _ _ _ _ _ _ _ _ _ _ _ _ _ _ _ _ _ _ _ _ _ _ _ _ _ _ _ _ _ _ _ _ _ _ _ _ _ _ _ _ _ _ _ _ _ _ _ _ 
base\apiutil.py:119: in specification_yaml
    raise e
base\apiutil.py:116: in specification_yaml
    raise e
base\apiutil.py:110: in specification_yaml
    self.asserts.assert_result(validation, res_json, status_code)
common\assertions.py:195: in assert_result
    raise exceptions
common\assertions.py:176: in assert_result
    flag = self.contains_assert(value, response, status_code)
_ _ _ _ _ _ _ _ _ _ _ _ _ _ _ _ _ _ _ _ _ _ _ _ _ _ _ _ _ _ _ _ _ _ _ _ _ _ _ _ _ _ _ _ _ _ _ _ _ _ _ _ _ _ _ _ _ _ _ _ _ _ _ _ _ _ _ _ _ _ _ _ _ _ _ _ _ _ _ _ _ _ _ _ _ 

self = &lt;common.assertions.Assertions object at 0x00000200B360CB60&gt;, value = {'error_code': 'none'}
response = {'error': 'Not Found', 'path': '/dar/user/login', 'status': 404, 'timestamp': '2025-11-21T06:10:34.091+00:00'}, status_code = 404

    def contains_assert(self, value, response, status_code):
        """
        字符串包含断言模式，断言预期结果的字符串是否包含在接口的响应信息中
        :param value: 预期结果，yaml文件的预期结果值
        :param response: 接口实际响应结果
        :param status_code: 响应状态码
        :return: 返回结果的状态标识
        """
        # 断言状态标识，0成功，其他失败
        flag = 0
        for assert_key, assert_value in value.items():
            if assert_key == "status_code":
                if assert_value != status_code:
                    flag += 1
                    allure.attach(f"预期结果：{assert_value}\n实际结果：{status_code}", '响应代码断言结果:失败',
                                  attachment_type=allure.attachment_type.TEXT)
                    logs.error("contains断言失败：接口返回码【%s】不等于【%s】" % (status_code, assert_value))
            else:
                resp_list = jsonpath.jsonpath(response, "$..%s" % assert_key)
&gt;               if isinstance(resp_list[0], str):
E               TypeError: 'bool' object is not subscriptable

common\assertions.py:40: TypeError

During handling of the above exception, another exception occurred:

    @pytest.fixture(scope='session', autouse=True)
    @allure.story("登录")
    def system_login():
        try:
            api_info = get_testcase_yaml('./data/loginName.yaml')
            RequestBase().specification_yaml(api_info[0][0], api_info[0][1])
        except Exception as e:
            logs.error(f'登录接口出现异常，导致后续接口无法继续运行，请检查程序！，{e}')
&gt;           exit()
E           SystemExit: None

testcase\conftest.py:33: SystemExit</error></testcase><testcase classname="testcase.Single interface.test_debug_api.TestUserManager" name="test_delete_user[base_info3-testcase3]" time="0.043"><error message="failed on setup with &quot;SystemExit: None&quot;">@pytest.fixture(scope='session', autouse=True)
    @allure.story("登录")
    def system_login():
        try:
            api_info = get_testcase_yaml('./data/loginName.yaml')
&gt;           RequestBase().specification_yaml(api_info[0][0], api_info[0][1])

testcase\conftest.py:30: 
_ _ _ _ _ _ _ _ _ _ _ _ _ _ _ _ _ _ _ _ _ _ _ _ _ _ _ _ _ _ _ _ _ _ _ _ _ _ _ _ _ _ _ _ _ _ _ _ _ _ _ _ _ _ _ _ _ _ _ _ _ _ _ _ _ _ _ _ _ _ _ _ _ _ _ _ _ _ _ _ _ _ _ _ _ 
base\apiutil.py:119: in specification_yaml
    raise e
base\apiutil.py:116: in specification_yaml
    raise e
base\apiutil.py:110: in specification_yaml
    self.asserts.assert_result(validation, res_json, status_code)
common\assertions.py:195: in assert_result
    raise exceptions
common\assertions.py:176: in assert_result
    flag = self.contains_assert(value, response, status_code)
_ _ _ _ _ _ _ _ _ _ _ _ _ _ _ _ _ _ _ _ _ _ _ _ _ _ _ _ _ _ _ _ _ _ _ _ _ _ _ _ _ _ _ _ _ _ _ _ _ _ _ _ _ _ _ _ _ _ _ _ _ _ _ _ _ _ _ _ _ _ _ _ _ _ _ _ _ _ _ _ _ _ _ _ _ 

self = &lt;common.assertions.Assertions object at 0x00000200B361C3B0&gt;, value = {'error_code': 'none'}
response = {'error': 'Not Found', 'path': '/dar/user/login', 'status': 404, 'timestamp': '2025-11-21T06:10:34.161+00:00'}, status_code = 404

    def contains_assert(self, value, response, status_code):
        """
        字符串包含断言模式，断言预期结果的字符串是否包含在接口的响应信息中
        :param value: 预期结果，yaml文件的预期结果值
        :param response: 接口实际响应结果
        :param status_code: 响应状态码
        :return: 返回结果的状态标识
        """
        # 断言状态标识，0成功，其他失败
        flag = 0
        for assert_key, assert_value in value.items():
            if assert_key == "status_code":
                if assert_value != status_code:
                    flag += 1
                    allure.attach(f"预期结果：{assert_value}\n实际结果：{status_code}", '响应代码断言结果:失败',
                                  attachment_type=allure.attachment_type.TEXT)
                    logs.error("contains断言失败：接口返回码【%s】不等于【%s】" % (status_code, assert_value))
            else:
                resp_list = jsonpath.jsonpath(response, "$..%s" % assert_key)
&gt;               if isinstance(resp_list[0], str):
E               TypeError: 'bool' object is not subscriptable

common\assertions.py:40: TypeError

During handling of the above exception, another exception occurred:

    @pytest.fixture(scope='session', autouse=True)
    @allure.story("登录")
    def system_login():
        try:
            api_info = get_testcase_yaml('./data/loginName.yaml')
            RequestBase().specification_yaml(api_info[0][0], api_info[0][1])
        except Exception as e:
            logs.error(f'登录接口出现异常，导致后续接口无法继续运行，请检查程序！，{e}')
&gt;           exit()
E           SystemExit: None

testcase\conftest.py:33: SystemExit</error></testcase><testcase classname="testcase.Single interface.test_debug_api.TestUserManager" name="test_query_user[base_info0-testcase0]" time="0.043"><error message="failed on setup with &quot;SystemExit: None&quot;">@pytest.fixture(scope='session', autouse=True)
    @allure.story("登录")
    def system_login():
        try:
            api_info = get_testcase_yaml('./data/loginName.yaml')
&gt;           RequestBase().specification_yaml(api_info[0][0], api_info[0][1])

testcase\conftest.py:30: 
_ _ _ _ _ _ _ _ _ _ _ _ _ _ _ _ _ _ _ _ _ _ _ _ _ _ _ _ _ _ _ _ _ _ _ _ _ _ _ _ _ _ _ _ _ _ _ _ _ _ _ _ _ _ _ _ _ _ _ _ _ _ _ _ _ _ _ _ _ _ _ _ _ _ _ _ _ _ _ _ _ _ _ _ _ 
base\apiutil.py:119: in specification_yaml
    raise e
base\apiutil.py:116: in specification_yaml
    raise e
base\apiutil.py:110: in specification_yaml
    self.asserts.assert_result(validation, res_json, status_code)
common\assertions.py:195: in assert_result
    raise exceptions
common\assertions.py:176: in assert_result
    flag = self.contains_assert(value, response, status_code)
_ _ _ _ _ _ _ _ _ _ _ _ _ _ _ _ _ _ _ _ _ _ _ _ _ _ _ _ _ _ _ _ _ _ _ _ _ _ _ _ _ _ _ _ _ _ _ _ _ _ _ _ _ _ _ _ _ _ _ _ _ _ _ _ _ _ _ _ _ _ _ _ _ _ _ _ _ _ _ _ _ _ _ _ _ 

self = &lt;common.assertions.Assertions object at 0x00000200B3581280&gt;, value = {'error_code': 'none'}
response = {'error': 'Not Found', 'path': '/dar/user/login', 'status': 404, 'timestamp': '2025-11-21T06:10:34.229+00:00'}, status_code = 404

    def contains_assert(self, value, response, status_code):
        """
        字符串包含断言模式，断言预期结果的字符串是否包含在接口的响应信息中
        :param value: 预期结果，yaml文件的预期结果值
        :param response: 接口实际响应结果
        :param status_code: 响应状态码
        :return: 返回结果的状态标识
        """
        # 断言状态标识，0成功，其他失败
        flag = 0
        for assert_key, assert_value in value.items():
            if assert_key == "status_code":
                if assert_value != status_code:
                    flag += 1
                    allure.attach(f"预期结果：{assert_value}\n实际结果：{status_code}", '响应代码断言结果:失败',
                                  attachment_type=allure.attachment_type.TEXT)
                    logs.error("contains断言失败：接口返回码【%s】不等于【%s】" % (status_code, assert_value))
            else:
                resp_list = jsonpath.jsonpath(response, "$..%s" % assert_key)
&gt;               if isinstance(resp_list[0], str):
E               TypeError: 'bool' object is not subscriptable

common\assertions.py:40: TypeError

During handling of the above exception, another exception occurred:

    @pytest.fixture(scope='session', autouse=True)
    @allure.story("登录")
    def system_login():
        try:
            api_info = get_testcase_yaml('./data/loginName.yaml')
            RequestBase().specification_yaml(api_info[0][0], api_info[0][1])
        except Exception as e:
            logs.error(f'登录接口出现异常，导致后续接口无法继续运行，请检查程序！，{e}')
&gt;           exit()
E           SystemExit: None

testcase\conftest.py:33: SystemExit</error></testcase><testcase classname="testcase.mall_portal.test_mall_portal_basic.TestMallPortalBasic" name="test_mall_portal_flow[baseInfo-testCase0]" time="0.047"><error message="failed on setup with &quot;SystemExit: None&quot;">@pytest.fixture(scope='session', autouse=True)
    @allure.story("登录")
    def system_login():
        try:
            api_info = get_testcase_yaml('./data/loginName.yaml')
&gt;           RequestBase().specification_yaml(api_info[0][0], api_info[0][1])

testcase\conftest.py:30: 
_ _ _ _ _ _ _ _ _ _ _ _ _ _ _ _ _ _ _ _ _ _ _ _ _ _ _ _ _ _ _ _ _ _ _ _ _ _ _ _ _ _ _ _ _ _ _ _ _ _ _ _ _ _ _ _ _ _ _ _ _ _ _ _ _ _ _ _ _ _ _ _ _ _ _ _ _ _ _ _ _ _ _ _ _ 
base\apiutil.py:119: in specification_yaml
    raise e
base\apiutil.py:116: in specification_yaml
    raise e
base\apiutil.py:110: in specification_yaml
    self.asserts.assert_result(validation, res_json, status_code)
common\assertions.py:195: in assert_result
    raise exceptions
common\assertions.py:176: in assert_result
    flag = self.contains_assert(value, response, status_code)
_ _ _ _ _ _ _ _ _ _ _ _ _ _ _ _ _ _ _ _ _ _ _ _ _ _ _ _ _ _ _ _ _ _ _ _ _ _ _ _ _ _ _ _ _ _ _ _ _ _ _ _ _ _ _ _ _ _ _ _ _ _ _ _ _ _ _ _ _ _ _ _ _ _ _ _ _ _ _ _ _ _ _ _ _ 

self = &lt;common.assertions.Assertions object at 0x00000200B3576BD0&gt;, value = {'error_code': 'none'}
response = {'error': 'Not Found', 'path': '/dar/user/login', 'status': 404, 'timestamp': '2025-11-21T06:10:34.297+00:00'}, status_code = 404

    def contains_assert(self, value, response, status_code):
        """
        字符串包含断言模式，断言预期结果的字符串是否包含在接口的响应信息中
        :param value: 预期结果，yaml文件的预期结果值
        :param response: 接口实际响应结果
        :param status_code: 响应状态码
        :return: 返回结果的状态标识
        """
        # 断言状态标识，0成功，其他失败
        flag = 0
        for assert_key, assert_value in value.items():
            if assert_key == "status_code":
                if assert_value != status_code:
                    flag += 1
                    allure.attach(f"预期结果：{assert_value}\n实际结果：{status_code}", '响应代码断言结果:失败',
                                  attachment_type=allure.attachment_type.TEXT)
                    logs.error("contains断言失败：接口返回码【%s】不等于【%s】" % (status_code, assert_value))
            else:
                resp_list = jsonpath.jsonpath(response, "$..%s" % assert_key)
&gt;               if isinstance(resp_list[0], str):
E               TypeError: 'bool' object is not subscriptable

common\assertions.py:40: TypeError

During handling of the above exception, another exception occurred:

    @pytest.fixture(scope='session', autouse=True)
    @allure.story("登录")
    def system_login():
        try:
            api_info = get_testcase_yaml('./data/loginName.yaml')
            RequestBase().specification_yaml(api_info[0][0], api_info[0][1])
        except Exception as e:
            logs.error(f'登录接口出现异常，导致后续接口无法继续运行，请检查程序！，{e}')
&gt;           exit()
E           SystemExit: None

testcase\conftest.py:33: SystemExit</error></testcase><testcase classname="testcase.mall_portal.test_mall_portal_basic.TestMallPortalBasic" name="test_mall_portal_flow[baseInfo-testCase1]" time="0.062"><error message="failed on setup with &quot;SystemExit: None&quot;">@pytest.fixture(scope='session', autouse=True)
    @allure.story("登录")
    def system_login():
        try:
            api_info = get_testcase_yaml('./data/loginName.yaml')
&gt;           RequestBase().specification_yaml(api_info[0][0], api_info[0][1])

testcase\conftest.py:30: 
_ _ _ _ _ _ _ _ _ _ _ _ _ _ _ _ _ _ _ _ _ _ _ _ _ _ _ _ _ _ _ _ _ _ _ _ _ _ _ _ _ _ _ _ _ _ _ _ _ _ _ _ _ _ _ _ _ _ _ _ _ _ _ _ _ _ _ _ _ _ _ _ _ _ _ _ _ _ _ _ _ _ _ _ _ 
base\apiutil.py:119: in specification_yaml
    raise e
base\apiutil.py:116: in specification_yaml
    raise e
base\apiutil.py:110: in specification_yaml
    self.asserts.assert_result(validation, res_json, status_code)
common\assertions.py:195: in assert_result
    raise exceptions
common\assertions.py:176: in assert_result
    flag = self.contains_assert(value, response, status_code)
_ _ _ _ _ _ _ _ _ _ _ _ _ _ _ _ _ _ _ _ _ _ _ _ _ _ _ _ _ _ _ _ _ _ _ _ _ _ _ _ _ _ _ _ _ _ _ _ _ _ _ _ _ _ _ _ _ _ _ _ _ _ _ _ _ _ _ _ _ _ _ _ _ _ _ _ _ _ _ _ _ _ _ _ _ 

self = &lt;common.assertions.Assertions object at 0x00000200B36448C0&gt;, value = {'error_code': 'none'}
response = {'error': 'Not Found', 'path': '/dar/user/login', 'status': 404, 'timestamp': '2025-11-21T06:10:34.386+00:00'}, status_code = 404

    def contains_assert(self, value, response, status_code):
        """
        字符串包含断言模式，断言预期结果的字符串是否包含在接口的响应信息中
        :param value: 预期结果，yaml文件的预期结果值
        :param response: 接口实际响应结果
        :param status_code: 响应状态码
        :return: 返回结果的状态标识
        """
        # 断言状态标识，0成功，其他失败
        flag = 0
        for assert_key, assert_value in value.items():
            if assert_key == "status_code":
                if assert_value != status_code:
                    flag += 1
                    allure.attach(f"预期结果：{assert_value}\n实际结果：{status_code}", '响应代码断言结果:失败',
                                  attachment_type=allure.attachment_type.TEXT)
                    logs.error("contains断言失败：接口返回码【%s】不等于【%s】" % (status_code, assert_value))
            else:
                resp_list = jsonpath.jsonpath(response, "$..%s" % assert_key)
&gt;               if isinstance(resp_list[0], str):
E               TypeError: 'bool' object is not subscriptable

common\assertions.py:40: TypeError

During handling of the above exception, another exception occurred:

    @pytest.fixture(scope='session', autouse=True)
    @allure.story("登录")
    def system_login():
        try:
            api_info = get_testcase_yaml('./data/loginName.yaml')
            RequestBase().specification_yaml(api_info[0][0], api_info[0][1])
        except Exception as e:
            logs.error(f'登录接口出现异常，导致后续接口无法继续运行，请检查程序！，{e}')
&gt;           exit()
E           SystemExit: None

testcase\conftest.py:33: SystemExit</error></testcase><testcase classname="testcase.mall_portal.test_mall_portal_basic.TestMallPortalBasic" name="test_mall_portal_flow[baseInfo-testCase2]" time="0.048"><error message="failed on setup with &quot;SystemExit: None&quot;">@pytest.fixture(scope='session', autouse=True)
    @allure.story("登录")
    def system_login():
        try:
            api_info = get_testcase_yaml('./data/loginName.yaml')
&gt;           RequestBase().specification_yaml(api_info[0][0], api_info[0][1])

testcase\conftest.py:30: 
_ _ _ _ _ _ _ _ _ _ _ _ _ _ _ _ _ _ _ _ _ _ _ _ _ _ _ _ _ _ _ _ _ _ _ _ _ _ _ _ _ _ _ _ _ _ _ _ _ _ _ _ _ _ _ _ _ _ _ _ _ _ _ _ _ _ _ _ _ _ _ _ _ _ _ _ _ _ _ _ _ _ _ _ _ 
base\apiutil.py:119: in specification_yaml
    raise e
base\apiutil.py:116: in specification_yaml
    raise e
base\apiutil.py:110: in specification_yaml
    self.asserts.assert_result(validation, res_json, status_code)
common\assertions.py:195: in assert_result
    raise exceptions
common\assertions.py:176: in assert_result
    flag = self.contains_assert(value, response, status_code)
_ _ _ _ _ _ _ _ _ _ _ _ _ _ _ _ _ _ _ _ _ _ _ _ _ _ _ _ _ _ _ _ _ _ _ _ _ _ _ _ _ _ _ _ _ _ _ _ _ _ _ _ _ _ _ _ _ _ _ _ _ _ _ _ _ _ _ _ _ _ _ _ _ _ _ _ _ _ _ _ _ _ _ _ _ 

self = &lt;common.assertions.Assertions object at 0x00000200B2AE6AB0&gt;, value = {'error_code': 'none'}
response = {'error': 'Not Found', 'path': '/dar/user/login', 'status': 404, 'timestamp': '2025-11-21T06:10:34.462+00:00'}, status_code = 404

    def contains_assert(self, value, response, status_code):
        """
        字符串包含断言模式，断言预期结果的字符串是否包含在接口的响应信息中
        :param value: 预期结果，yaml文件的预期结果值
        :param response: 接口实际响应结果
        :param status_code: 响应状态码
        :return: 返回结果的状态标识
        """
        # 断言状态标识，0成功，其他失败
        flag = 0
        for assert_key, assert_value in value.items():
            if assert_key == "status_code":
                if assert_value != status_code:
                    flag += 1
                    allure.attach(f"预期结果：{assert_value}\n实际结果：{status_code}", '响应代码断言结果:失败',
                                  attachment_type=allure.attachment_type.TEXT)
                    logs.error("contains断言失败：接口返回码【%s】不等于【%s】" % (status_code, assert_value))
            else:
                resp_list = jsonpath.jsonpath(response, "$..%s" % assert_key)
&gt;               if isinstance(resp_list[0], str):
E               TypeError: 'bool' object is not subscriptable

common\assertions.py:40: TypeError

During handling of the above exception, another exception occurred:

    @pytest.fixture(scope='session', autouse=True)
    @allure.story("登录")
    def system_login():
        try:
            api_info = get_testcase_yaml('./data/loginName.yaml')
            RequestBase().specification_yaml(api_info[0][0], api_info[0][1])
        except Exception as e:
            logs.error(f'登录接口出现异常，导致后续接口无法继续运行，请检查程序！，{e}')
&gt;           exit()
E           SystemExit: None

testcase\conftest.py:33: SystemExit</error></testcase></testsuite></testsuites>